{"/Users/edenalster/WebApps/Matala 2/Matala_1-1/server.js": {"path":"/Users/edenalster/WebApps/Matala 2/Matala_1-1/server.js","statementMap":{"0":{"start":{"line":1,"column":16},"end":{"line":1,"column":34}},"1":{"start":{"line":2,"column":12},"end":{"line":2,"column":21}},"2":{"start":{"line":3,"column":15},"end":{"line":3,"column":41}},"3":{"start":{"line":4,"column":17},"end":{"line":4,"column":36}},"4":{"start":{"line":7,"column":16},"end":{"line":33,"column":1}},"5":{"start":{"line":8,"column":4},"end":{"line":31,"column":4}},"6":{"start":{"line":9,"column":19},"end":{"line":9,"column":38}},"7":{"start":{"line":10,"column":8},"end":{"line":10,"column":55}},"8":{"start":{"line":10,"column":33},"end":{"line":10,"column":53}},"9":{"start":{"line":11,"column":8},"end":{"line":11,"column":67}},"10":{"start":{"line":11,"column":29},"end":{"line":11,"column":65}},"11":{"start":{"line":13,"column":8},"end":{"line":30,"column":11}},"12":{"start":{"line":14,"column":31},"end":{"line":14,"column":53}},"13":{"start":{"line":15,"column":12},"end":{"line":15,"column":39}},"14":{"start":{"line":16,"column":12},"end":{"line":16,"column":63}},"15":{"start":{"line":19,"column":31},"end":{"line":19,"column":63}},"16":{"start":{"line":20,"column":12},"end":{"line":20,"column":42}},"17":{"start":{"line":22,"column":34},"end":{"line":22,"column":69}},"18":{"start":{"line":23,"column":12},"end":{"line":23,"column":48}},"19":{"start":{"line":25,"column":12},"end":{"line":27,"column":15}},"20":{"start":{"line":26,"column":16},"end":{"line":26,"column":39}},"21":{"start":{"line":28,"column":12},"end":{"line":28,"column":25}},"22":{"start":{"line":35,"column":0},"end":{"line":35,"column":25}}},"fnMap":{"0":{"name":"(anonymous_0)","decl":{"start":{"line":7,"column":16},"end":{"line":7,"column":17}},"loc":{"start":{"line":7,"column":28},"end":{"line":33,"column":1}},"line":7},"1":{"name":"(anonymous_1)","decl":{"start":{"line":8,"column":24},"end":{"line":8,"column":25}},"loc":{"start":{"line":8,"column":45},"end":{"line":31,"column":2}},"line":8},"2":{"name":"(anonymous_2)","decl":{"start":{"line":10,"column":23},"end":{"line":10,"column":24}},"loc":{"start":{"line":10,"column":33},"end":{"line":10,"column":53}},"line":10},"3":{"name":"(anonymous_3)","decl":{"start":{"line":11,"column":24},"end":{"line":11,"column":25}},"loc":{"start":{"line":11,"column":29},"end":{"line":11,"column":65}},"line":11},"4":{"name":"(anonymous_4)","decl":{"start":{"line":13,"column":57},"end":{"line":13,"column":58}},"loc":{"start":{"line":13,"column":63},"end":{"line":30,"column":9}},"line":13},"5":{"name":"(anonymous_5)","decl":{"start":{"line":25,"column":30},"end":{"line":25,"column":31}},"loc":{"start":{"line":25,"column":44},"end":{"line":27,"column":13}},"line":25}},"branchMap":{},"s":{"0":2,"1":2,"2":2,"3":2,"4":2,"5":2,"6":2,"7":2,"8":0,"9":2,"10":2,"11":2,"12":2,"13":2,"14":2,"15":2,"16":2,"17":2,"18":2,"19":2,"20":0,"21":2,"22":2},"f":{"0":2,"1":2,"2":0,"3":2,"4":2,"5":0},"b":{},"_coverageSchema":"1a1c01bbd47fc00a2c39e90264f33305004495a9","hash":"063fc14660ffe6a1fb72b63da2cd615018a6bcf5"}
,"/Users/edenalster/WebApps/Matala 2/Matala_1-1/controlers/comment.js": {"path":"/Users/edenalster/WebApps/Matala 2/Matala_1-1/controlers/comment.js","statementMap":{"0":{"start":{"line":1,"column":21},"end":{"line":1,"column":56}},"1":{"start":{"line":2,"column":18},"end":{"line":2,"column":50}},"2":{"start":{"line":4,"column":23},"end":{"line":17,"column":1}},"3":{"start":{"line":5,"column":23},"end":{"line":5,"column":39}},"4":{"start":{"line":6,"column":4},"end":{"line":16,"column":5}},"5":{"start":{"line":7,"column":8},"end":{"line":13,"column":9}},"6":{"start":{"line":8,"column":29},"end":{"line":8,"column":76}},"7":{"start":{"line":9,"column":12},"end":{"line":9,"column":43}},"8":{"start":{"line":11,"column":29},"end":{"line":11,"column":54}},"9":{"start":{"line":12,"column":12},"end":{"line":12,"column":43}},"10":{"start":{"line":15,"column":8},"end":{"line":15,"column":44}},"11":{"start":{"line":19,"column":23},"end":{"line":28,"column":1}},"12":{"start":{"line":20,"column":21},"end":{"line":20,"column":34}},"13":{"start":{"line":21,"column":4},"end":{"line":26,"column":5}},"14":{"start":{"line":22,"column":24},"end":{"line":22,"column":62}},"15":{"start":{"line":23,"column":12},"end":{"line":23,"column":39}},"16":{"start":{"line":25,"column":8},"end":{"line":25,"column":36}},"17":{"start":{"line":30,"column":22},"end":{"line":43,"column":1}},"18":{"start":{"line":31,"column":24},"end":{"line":31,"column":32}},"19":{"start":{"line":33,"column":4},"end":{"line":42,"column":5}},"20":{"start":{"line":34,"column":27},"end":{"line":34,"column":71}},"21":{"start":{"line":35,"column":8},"end":{"line":37,"column":9}},"22":{"start":{"line":36,"column":12},"end":{"line":36,"column":77}},"23":{"start":{"line":38,"column":27},"end":{"line":38,"column":65}},"24":{"start":{"line":39,"column":8},"end":{"line":39,"column":41}},"25":{"start":{"line":41,"column":8},"end":{"line":41,"column":90}},"26":{"start":{"line":45,"column":22},"end":{"line":59,"column":1}},"27":{"start":{"line":46,"column":22},"end":{"line":46,"column":35}},"28":{"start":{"line":47,"column":24},"end":{"line":47,"column":32}},"29":{"start":{"line":49,"column":4},"end":{"line":58,"column":5}},"30":{"start":{"line":50,"column":31},"end":{"line":50,"column":127}},"31":{"start":{"line":51,"column":8},"end":{"line":53,"column":9}},"32":{"start":{"line":52,"column":12},"end":{"line":52,"column":74}},"33":{"start":{"line":55,"column":8},"end":{"line":55,"column":45}},"34":{"start":{"line":57,"column":8},"end":{"line":57,"column":75}},"35":{"start":{"line":61,"column":22},"end":{"line":74,"column":1}},"36":{"start":{"line":62,"column":22},"end":{"line":62,"column":35}},"37":{"start":{"line":64,"column":4},"end":{"line":73,"column":5}},"38":{"start":{"line":65,"column":31},"end":{"line":65,"column":78}},"39":{"start":{"line":66,"column":8},"end":{"line":68,"column":9}},"40":{"start":{"line":67,"column":12},"end":{"line":67,"column":74}},"41":{"start":{"line":70,"column":8},"end":{"line":70,"column":90}},"42":{"start":{"line":72,"column":8},"end":{"line":72,"column":75}},"43":{"start":{"line":77,"column":0},"end":{"line":77,"column":95}}},"fnMap":{"0":{"name":"(anonymous_0)","decl":{"start":{"line":4,"column":23},"end":{"line":4,"column":24}},"loc":{"start":{"line":4,"column":43},"end":{"line":17,"column":1}},"line":4},"1":{"name":"(anonymous_1)","decl":{"start":{"line":19,"column":23},"end":{"line":19,"column":24}},"loc":{"start":{"line":19,"column":40},"end":{"line":28,"column":1}},"line":19},"2":{"name":"(anonymous_2)","decl":{"start":{"line":30,"column":22},"end":{"line":30,"column":23}},"loc":{"start":{"line":30,"column":42},"end":{"line":43,"column":1}},"line":30},"3":{"name":"(anonymous_3)","decl":{"start":{"line":45,"column":22},"end":{"line":45,"column":23}},"loc":{"start":{"line":45,"column":42},"end":{"line":59,"column":1}},"line":45},"4":{"name":"(anonymous_4)","decl":{"start":{"line":61,"column":22},"end":{"line":61,"column":23}},"loc":{"start":{"line":61,"column":42},"end":{"line":74,"column":1}},"line":61}},"branchMap":{"0":{"loc":{"start":{"line":7,"column":8},"end":{"line":13,"column":9}},"type":"if","locations":[{"start":{"line":7,"column":8},"end":{"line":13,"column":9}},{"start":{"line":10,"column":15},"end":{"line":13,"column":9}}],"line":7},"1":{"loc":{"start":{"line":35,"column":8},"end":{"line":37,"column":9}},"type":"if","locations":[{"start":{"line":35,"column":8},"end":{"line":37,"column":9}},{"start":{},"end":{}}],"line":35},"2":{"loc":{"start":{"line":51,"column":8},"end":{"line":53,"column":9}},"type":"if","locations":[{"start":{"line":51,"column":8},"end":{"line":53,"column":9}},{"start":{},"end":{}}],"line":51},"3":{"loc":{"start":{"line":66,"column":8},"end":{"line":68,"column":9}},"type":"if","locations":[{"start":{"line":66,"column":8},"end":{"line":68,"column":9}},{"start":{},"end":{}}],"line":66}},"s":{"0":2,"1":2,"2":2,"3":3,"4":3,"5":3,"6":0,"7":0,"8":3,"9":3,"10":0,"11":2,"12":2,"13":2,"14":2,"15":1,"16":2,"17":2,"18":2,"19":2,"20":2,"21":2,"22":1,"23":1,"24":1,"25":0,"26":2,"27":2,"28":2,"29":2,"30":2,"31":1,"32":0,"33":1,"34":1,"35":2,"36":1,"37":1,"38":1,"39":1,"40":0,"41":1,"42":0,"43":2},"f":{"0":3,"1":2,"2":2,"3":2,"4":1},"b":{"0":[0,3],"1":[1,1],"2":[0,1],"3":[0,1]},"_coverageSchema":"1a1c01bbd47fc00a2c39e90264f33305004495a9","hash":"06d9d6b37a94cb158e3d9346293b7900e9e9e00e"}
,"/Users/edenalster/WebApps/Matala 2/Matala_1-1/controlers/post.js": {"path":"/Users/edenalster/WebApps/Matala 2/Matala_1-1/controlers/post.js","statementMap":{"0":{"start":{"line":1,"column":18},"end":{"line":1,"column":50}},"1":{"start":{"line":3,"column":20},"end":{"line":16,"column":1}},"2":{"start":{"line":4,"column":25},"end":{"line":4,"column":41}},"3":{"start":{"line":5,"column":4},"end":{"line":15,"column":5}},"4":{"start":{"line":6,"column":8},"end":{"line":12,"column":9}},"5":{"start":{"line":7,"column":26},"end":{"line":7,"column":70}},"6":{"start":{"line":8,"column":12},"end":{"line":8,"column":40}},"7":{"start":{"line":10,"column":25},"end":{"line":10,"column":47}},"8":{"start":{"line":11,"column":12},"end":{"line":11,"column":40}},"9":{"start":{"line":14,"column":8},"end":{"line":14,"column":44}},"10":{"start":{"line":18,"column":20},"end":{"line":27,"column":1}},"11":{"start":{"line":19,"column":18},"end":{"line":19,"column":31}},"12":{"start":{"line":20,"column":4},"end":{"line":25,"column":5}},"13":{"start":{"line":21,"column":21},"end":{"line":21,"column":53}},"14":{"start":{"line":22,"column":12},"end":{"line":22,"column":39}},"15":{"start":{"line":24,"column":8},"end":{"line":24,"column":36}},"16":{"start":{"line":29,"column":19},"end":{"line":39,"column":1}},"17":{"start":{"line":30,"column":17},"end":{"line":30,"column":25}},"18":{"start":{"line":32,"column":4},"end":{"line":38,"column":5}},"19":{"start":{"line":33,"column":24},"end":{"line":33,"column":52}},"20":{"start":{"line":34,"column":8},"end":{"line":34,"column":38}},"21":{"start":{"line":36,"column":8},"end":{"line":36,"column":36}},"22":{"start":{"line":42,"column":19},"end":{"line":56,"column":1}},"23":{"start":{"line":43,"column":19},"end":{"line":43,"column":32}},"24":{"start":{"line":44,"column":24},"end":{"line":44,"column":32}},"25":{"start":{"line":46,"column":4},"end":{"line":55,"column":5}},"26":{"start":{"line":47,"column":28},"end":{"line":47,"column":118}},"27":{"start":{"line":48,"column":8},"end":{"line":50,"column":9}},"28":{"start":{"line":49,"column":12},"end":{"line":49,"column":71}},"29":{"start":{"line":52,"column":8},"end":{"line":52,"column":42}},"30":{"start":{"line":54,"column":8},"end":{"line":54,"column":72}},"31":{"start":{"line":58,"column":19},"end":{"line":71,"column":1}},"32":{"start":{"line":59,"column":19},"end":{"line":59,"column":32}},"33":{"start":{"line":61,"column":4},"end":{"line":70,"column":5}},"34":{"start":{"line":62,"column":28},"end":{"line":62,"column":69}},"35":{"start":{"line":63,"column":8},"end":{"line":65,"column":9}},"36":{"start":{"line":64,"column":12},"end":{"line":64,"column":71}},"37":{"start":{"line":67,"column":8},"end":{"line":67,"column":42}},"38":{"start":{"line":69,"column":8},"end":{"line":69,"column":72}},"39":{"start":{"line":75,"column":0},"end":{"line":75,"column":76}}},"fnMap":{"0":{"name":"(anonymous_0)","decl":{"start":{"line":3,"column":20},"end":{"line":3,"column":21}},"loc":{"start":{"line":3,"column":39},"end":{"line":16,"column":1}},"line":3},"1":{"name":"(anonymous_1)","decl":{"start":{"line":18,"column":20},"end":{"line":18,"column":21}},"loc":{"start":{"line":18,"column":37},"end":{"line":27,"column":1}},"line":18},"2":{"name":"(anonymous_2)","decl":{"start":{"line":29,"column":19},"end":{"line":29,"column":20}},"loc":{"start":{"line":29,"column":37},"end":{"line":39,"column":1}},"line":29},"3":{"name":"(anonymous_3)","decl":{"start":{"line":42,"column":19},"end":{"line":42,"column":20}},"loc":{"start":{"line":42,"column":39},"end":{"line":56,"column":1}},"line":42},"4":{"name":"(anonymous_4)","decl":{"start":{"line":58,"column":19},"end":{"line":58,"column":20}},"loc":{"start":{"line":58,"column":39},"end":{"line":71,"column":1}},"line":58}},"branchMap":{"0":{"loc":{"start":{"line":6,"column":8},"end":{"line":12,"column":9}},"type":"if","locations":[{"start":{"line":6,"column":8},"end":{"line":12,"column":9}},{"start":{"line":9,"column":14},"end":{"line":12,"column":9}}],"line":6},"1":{"loc":{"start":{"line":48,"column":8},"end":{"line":50,"column":9}},"type":"if","locations":[{"start":{"line":48,"column":8},"end":{"line":50,"column":9}},{"start":{},"end":{}}],"line":48},"2":{"loc":{"start":{"line":63,"column":8},"end":{"line":65,"column":9}},"type":"if","locations":[{"start":{"line":63,"column":8},"end":{"line":65,"column":9}},{"start":{},"end":{}}],"line":63}},"s":{"0":2,"1":2,"2":3,"3":3,"4":3,"5":1,"6":1,"7":2,"8":2,"9":0,"10":2,"11":2,"12":2,"13":2,"14":1,"15":1,"16":2,"17":2,"18":2,"19":2,"20":1,"21":1,"22":2,"23":2,"24":2,"25":2,"26":2,"27":1,"28":0,"29":1,"30":1,"31":2,"32":2,"33":2,"34":2,"35":2,"36":1,"37":1,"38":0,"39":2},"f":{"0":3,"1":2,"2":2,"3":2,"4":2},"b":{"0":[1,2],"1":[0,1],"2":[1,1]},"_coverageSchema":"1a1c01bbd47fc00a2c39e90264f33305004495a9","hash":"8d534b090941cc26b97e3eb04c722430d3459369"}
,"/Users/edenalster/WebApps/Matala 2/Matala_1-1/models/comments_model.js": {"path":"/Users/edenalster/WebApps/Matala 2/Matala_1-1/models/comments_model.js","statementMap":{"0":{"start":{"line":1,"column":17},"end":{"line":1,"column":36}},"1":{"start":{"line":2,"column":15},"end":{"line":2,"column":30}},"2":{"start":{"line":4,"column":22},"end":{"line":17,"column":2}},"3":{"start":{"line":19,"column":21},"end":{"line":19,"column":61}},"4":{"start":{"line":21,"column":0},"end":{"line":21,"column":30}}},"fnMap":{},"branchMap":{},"s":{"0":2,"1":2,"2":2,"3":2,"4":2},"f":{},"b":{},"_coverageSchema":"1a1c01bbd47fc00a2c39e90264f33305004495a9","hash":"59d7e3fe51591e7a9e2a1e3ef1328fca10c0f288"}
,"/Users/edenalster/WebApps/Matala 2/Matala_1-1/models/posts_model.js": {"path":"/Users/edenalster/WebApps/Matala 2/Matala_1-1/models/posts_model.js","statementMap":{"0":{"start":{"line":1,"column":17},"end":{"line":1,"column":36}},"1":{"start":{"line":2,"column":15},"end":{"line":2,"column":30}},"2":{"start":{"line":4,"column":19},"end":{"line":14,"column":2}},"3":{"start":{"line":16,"column":18},"end":{"line":16,"column":52}},"4":{"start":{"line":18,"column":0},"end":{"line":18,"column":27}}},"fnMap":{},"branchMap":{},"s":{"0":2,"1":2,"2":2,"3":2,"4":2},"f":{},"b":{},"_coverageSchema":"1a1c01bbd47fc00a2c39e90264f33305004495a9","hash":"573cb055c39c69179402e0106bd0076b4256a22c"}
,"/Users/edenalster/WebApps/Matala 2/Matala_1-1/routes/comments_routes.js": {"path":"/Users/edenalster/WebApps/Matala 2/Matala_1-1/routes/comments_routes.js","statementMap":{"0":{"start":{"line":1,"column":16},"end":{"line":1,"column":34}},"1":{"start":{"line":2,"column":15},"end":{"line":2,"column":31}},"2":{"start":{"line":3,"column":16},"end":{"line":3,"column":48}},"3":{"start":{"line":5,"column":0},"end":{"line":5,"column":40}},"4":{"start":{"line":6,"column":0},"end":{"line":6,"column":43}},"5":{"start":{"line":7,"column":0},"end":{"line":7,"column":40}},"6":{"start":{"line":8,"column":0},"end":{"line":8,"column":42}},"7":{"start":{"line":9,"column":0},"end":{"line":9,"column":45}},"8":{"start":{"line":11,"column":0},"end":{"line":11,"column":24}}},"fnMap":{},"branchMap":{},"s":{"0":2,"1":2,"2":2,"3":2,"4":2,"5":2,"6":2,"7":2,"8":2},"f":{},"b":{},"_coverageSchema":"1a1c01bbd47fc00a2c39e90264f33305004495a9","hash":"43392d57b250c03020229b144d1ca9d9d01f08bc"}
,"/Users/edenalster/WebApps/Matala 2/Matala_1-1/routes/posts_routes.js": {"path":"/Users/edenalster/WebApps/Matala 2/Matala_1-1/routes/posts_routes.js","statementMap":{"0":{"start":{"line":1,"column":16},"end":{"line":1,"column":34}},"1":{"start":{"line":2,"column":15},"end":{"line":2,"column":31}},"2":{"start":{"line":3,"column":13},"end":{"line":3,"column":42}},"3":{"start":{"line":5,"column":0},"end":{"line":5,"column":34}},"4":{"start":{"line":6,"column":0},"end":{"line":6,"column":37}},"5":{"start":{"line":7,"column":0},"end":{"line":7,"column":33}},"6":{"start":{"line":8,"column":0},"end":{"line":8,"column":35}},"7":{"start":{"line":9,"column":0},"end":{"line":9,"column":38}},"8":{"start":{"line":11,"column":0},"end":{"line":11,"column":23}}},"fnMap":{},"branchMap":{},"s":{"0":2,"1":2,"2":2,"3":2,"4":2,"5":2,"6":2,"7":2,"8":2},"f":{},"b":{},"_coverageSchema":"1a1c01bbd47fc00a2c39e90264f33305004495a9","hash":"1c9f884aec9cfe94d9ce5d0b98ee6fa84c69d7a1"}
}
