TN:
SF:server.js
FN:7,(anonymous_0)
FN:8,(anonymous_1)
FN:10,(anonymous_2)
FN:11,(anonymous_3)
FN:13,(anonymous_4)
FN:25,(anonymous_5)
FNF:6
FNH:4
FNDA:2,(anonymous_0)
FNDA:2,(anonymous_1)
FNDA:0,(anonymous_2)
FNDA:2,(anonymous_3)
FNDA:2,(anonymous_4)
FNDA:0,(anonymous_5)
DA:1,2
DA:2,2
DA:3,2
DA:4,2
DA:7,2
DA:8,2
DA:9,2
DA:10,2
DA:11,2
DA:13,2
DA:14,2
DA:15,2
DA:16,2
DA:19,2
DA:20,2
DA:22,2
DA:23,2
DA:25,2
DA:26,0
DA:28,2
DA:35,2
LF:21
LH:20
BRF:0
BRH:0
end_of_record
TN:
SF:controlers/comment.js
FN:4,(anonymous_0)
FN:19,(anonymous_1)
FN:30,(anonymous_2)
FN:45,(anonymous_3)
FN:61,(anonymous_4)
FNF:5
FNH:5
FNDA:3,(anonymous_0)
FNDA:2,(anonymous_1)
FNDA:2,(anonymous_2)
FNDA:2,(anonymous_3)
FNDA:1,(anonymous_4)
DA:1,2
DA:2,2
DA:4,2
DA:5,3
DA:6,3
DA:7,3
DA:8,0
DA:9,0
DA:11,3
DA:12,3
DA:15,0
DA:19,2
DA:20,2
DA:21,2
DA:22,2
DA:23,1
DA:25,2
DA:30,2
DA:31,2
DA:33,2
DA:34,2
DA:35,2
DA:36,1
DA:38,1
DA:39,1
DA:41,0
DA:45,2
DA:46,2
DA:47,2
DA:49,2
DA:50,2
DA:51,1
DA:52,0
DA:55,1
DA:57,1
DA:61,2
DA:62,1
DA:64,1
DA:65,1
DA:66,1
DA:67,0
DA:70,1
DA:72,0
DA:77,2
LF:44
LH:37
BRDA:7,0,0,0
BRDA:7,0,1,3
BRDA:35,1,0,1
BRDA:35,1,1,1
BRDA:51,2,0,0
BRDA:51,2,1,1
BRDA:66,3,0,0
BRDA:66,3,1,1
BRF:8
BRH:5
end_of_record
TN:
SF:controlers/post.js
FN:3,(anonymous_0)
FN:18,(anonymous_1)
FN:29,(anonymous_2)
FN:42,(anonymous_3)
FN:58,(anonymous_4)
FNF:5
FNH:5
FNDA:3,(anonymous_0)
FNDA:2,(anonymous_1)
FNDA:2,(anonymous_2)
FNDA:2,(anonymous_3)
FNDA:2,(anonymous_4)
DA:1,2
DA:3,2
DA:4,3
DA:5,3
DA:6,3
DA:7,1
DA:8,1
DA:10,2
DA:11,2
DA:14,0
DA:18,2
DA:19,2
DA:20,2
DA:21,2
DA:22,1
DA:24,1
DA:29,2
DA:30,2
DA:32,2
DA:33,2
DA:34,1
DA:36,1
DA:42,2
DA:43,2
DA:44,2
DA:46,2
DA:47,2
DA:48,1
DA:49,0
DA:52,1
DA:54,1
DA:58,2
DA:59,2
DA:61,2
DA:62,2
DA:63,2
DA:64,1
DA:67,1
DA:69,0
DA:75,2
LF:40
LH:37
BRDA:6,0,0,1
BRDA:6,0,1,2
BRDA:48,1,0,0
BRDA:48,1,1,1
BRDA:63,2,0,1
BRDA:63,2,1,1
BRF:6
BRH:5
end_of_record
TN:
SF:models/comments_model.js
FNF:0
FNH:0
DA:1,2
DA:2,2
DA:4,2
DA:19,2
DA:21,2
LF:5
LH:5
BRF:0
BRH:0
end_of_record
TN:
SF:models/posts_model.js
FNF:0
FNH:0
DA:1,2
DA:2,2
DA:4,2
DA:16,2
DA:18,2
LF:5
LH:5
BRF:0
BRH:0
end_of_record
TN:
SF:routes/comments_routes.js
FNF:0
FNH:0
DA:1,2
DA:2,2
DA:3,2
DA:5,2
DA:6,2
DA:7,2
DA:8,2
DA:9,2
DA:11,2
LF:9
LH:9
BRF:0
BRH:0
end_of_record
TN:
SF:routes/posts_routes.js
FNF:0
FNH:0
DA:1,2
DA:2,2
DA:3,2
DA:5,2
DA:6,2
DA:7,2
DA:8,2
DA:9,2
DA:11,2
LF:9
LH:9
BRF:0
BRH:0
end_of_record
